{"total": {"lines":{"total":154,"covered":151,"skipped":0,"pct":98.05},"statements":{"total":163,"covered":157,"skipped":0,"pct":96.31},"functions":{"total":33,"covered":32,"skipped":0,"pct":96.96},"branches":{"total":87,"covered":70,"skipped":0,"pct":80.45},"branchesTrue":{"total":0,"covered":0,"skipped":0,"pct":100}}
,"/Users/ashleighsimonelli/code/foundations/packages/connect-session/src/browser/index.ts": {"lines":{"total":133,"covered":131,"skipped":0,"pct":98.49},"functions":{"total":26,"covered":26,"skipped":0,"pct":100},"statements":{"total":140,"covered":136,"skipped":0,"pct":97.14},"branches":{"total":86,"covered":69,"skipped":0,"pct":80.23}}
,"/Users/ashleighsimonelli/code/foundations/packages/connect-session/src/react/index.ts": {"lines":{"total":20,"covered":20,"skipped":0,"pct":100},"functions":{"total":7,"covered":6,"skipped":0,"pct":85.71},"statements":{"total":22,"covered":21,"skipped":0,"pct":95.45},"branches":{"total":1,"covered":1,"skipped":0,"pct":100}}
,"/Users/ashleighsimonelli/code/foundations/packages/connect-session/src/utils/index.ts": {"lines":{"total":1,"covered":0,"skipped":0,"pct":0},"functions":{"total":0,"covered":0,"skipped":0,"pct":100},"statements":{"total":1,"covered":0,"skipped":0,"pct":0},"branches":{"total":0,"covered":0,"skipped":0,"pct":100}}
}
