TN:
SF:src/browser/index.ts
FN:33,(anonymous_1)
FN:35,(anonymous_2)
FN:63,(anonymous_3)
FN:90,(anonymous_4)
FN:98,(anonymous_5)
FN:101,(anonymous_6)
FN:111,(anonymous_7)
FN:120,(anonymous_8)
FN:127,(anonymous_9)
FN:140,(anonymous_10)
FN:144,(anonymous_11)
FN:156,(anonymous_12)
FN:160,(anonymous_13)
FN:175,(anonymous_14)
FN:183,(anonymous_15)
FN:195,(anonymous_16)
FN:205,(anonymous_17)
FN:243,(anonymous_18)
FN:249,(anonymous_19)
FN:264,(anonymous_20)
FN:269,(anonymous_21)
FN:275,(anonymous_22)
FN:293,(anonymous_23)
FN:301,(anonymous_24)
FN:307,(anonymous_25)
FN:312,(anonymous_26)
FNF:26
FNH:26
FNDA:560,(anonymous_1)
FNDA:10,(anonymous_2)
FNDA:20,(anonymous_3)
FNDA:20,(anonymous_4)
FNDA:20,(anonymous_5)
FNDA:2,(anonymous_6)
FNDA:25,(anonymous_7)
FNDA:19,(anonymous_8)
FNDA:5,(anonymous_9)
FNDA:21,(anonymous_10)
FNDA:11,(anonymous_11)
FNDA:10,(anonymous_12)
FNDA:2,(anonymous_13)
FNDA:7,(anonymous_14)
FNDA:15,(anonymous_15)
FNDA:15,(anonymous_16)
FNDA:7,(anonymous_17)
FNDA:5,(anonymous_18)
FNDA:2,(anonymous_19)
FNDA:43,(anonymous_20)
FNDA:3,(anonymous_21)
FNDA:5,(anonymous_22)
FNDA:1,(anonymous_23)
FNDA:1,(anonymous_24)
FNDA:1,(anonymous_25)
FNDA:13,(anonymous_26)
DA:1,1
DA:9,1
DA:10,1
DA:12,1
DA:13,1
DA:14,1
DA:33,560
DA:35,1
DA:36,10
DA:37,10
DA:38,10
DA:41,1
DA:43,1
DA:44,1
DA:45,1
DA:46,1
DA:47,1
DA:48,1
DA:72,20
DA:73,20
DA:74,20
DA:75,20
DA:78,20
DA:79,20
DA:80,20
DA:81,20
DA:82,20
DA:83,20
DA:84,20
DA:85,20
DA:91,20
DA:92,20
DA:93,20
DA:94,20
DA:95,20
DA:99,20
DA:101,9
DA:102,2
DA:103,2
DA:106,9
DA:107,9
DA:108,9
DA:112,25
DA:121,19
DA:128,5
DA:129,5
DA:130,5
DA:131,5
DA:132,5
DA:134,5
DA:141,21
DA:145,11
DA:147,11
DA:149,10
DA:151,10
DA:153,10
DA:157,10
DA:161,2
DA:162,2
DA:167,2
DA:168,2
DA:176,7
DA:179,7
DA:184,15
DA:185,8
DA:186,8
DA:187,8
DA:188,8
DA:191,7
DA:196,15
DA:197,15
DA:199,15
DA:209,7
DA:210,7
DA:217,7
DA:219,2
DA:222,2
DA:225,2
DA:227,2
DA:229,2
DA:239,5
DA:244,5
DA:245,5
DA:250,2
DA:251,2
DA:253,2
DA:255,1
DA:257,1
DA:258,1
DA:260,0
DA:265,43
DA:270,3
DA:276,5
DA:277,5
DA:278,5
DA:279,5
DA:280,5
DA:281,5
DA:282,5
DA:283,5
DA:285,5
DA:286,5
DA:288,5
DA:294,1
DA:295,1
DA:296,1
DA:302,1
DA:303,1
DA:304,1
DA:308,1
DA:314,13
DA:315,2
DA:319,11
DA:320,1
DA:324,10
DA:326,10
DA:330,10
DA:334,10
DA:335,3
DA:338,7
DA:339,7
DA:341,7
DA:355,7
DA:356,6
DA:357,6
DA:361,7
DA:363,7
DA:365,7
DA:367,2
DA:369,2
DA:370,2
DA:374,5
DA:376,0
LF:133
LH:131
BRDA:69,0,0,19
BRDA:74,1,0,20
BRDA:74,1,1,0
BRDA:76,2,0,20
BRDA:76,2,1,0
BRDA:76,3,0,20
BRDA:76,3,1,0
BRDA:78,4,0,2
BRDA:78,4,1,18
BRDA:78,5,0,20
BRDA:78,5,1,20
BRDA:79,6,0,11
BRDA:79,6,1,9
BRDA:99,7,0,11
BRDA:113,8,0,13
BRDA:113,8,1,12
BRDA:113,9,0,25
BRDA:113,9,1,25
BRDA:113,10,0,12
BRDA:113,10,1,13
BRDA:113,11,0,25
BRDA:113,11,1,13
BRDA:122,12,0,2
BRDA:122,12,1,17
BRDA:122,13,0,19
BRDA:122,13,1,19
BRDA:122,14,0,17
BRDA:122,14,1,2
BRDA:122,15,0,19
BRDA:122,15,1,2
BRDA:147,16,0,1
BRDA:161,17,0,2
BRDA:161,18,0,2
BRDA:161,18,1,2
BRDA:161,18,2,2
BRDA:167,19,0,2
BRDA:167,20,0,2
BRDA:167,20,1,2
BRDA:184,21,0,8
BRDA:188,22,0,8
BRDA:188,22,1,0
BRDA:199,23,0,15
BRDA:199,23,1,3
BRDA:219,24,0,0
BRDA:219,25,0,2
BRDA:219,25,1,2
BRDA:219,25,2,2
BRDA:225,26,0,0
BRDA:234,27,0,2
BRDA:234,27,1,0
BRDA:234,28,0,0
BRDA:234,28,1,0
BRDA:234,29,0,0
BRDA:234,29,1,0
BRDA:234,30,0,0
BRDA:234,30,1,0
BRDA:245,31,0,5
BRDA:245,31,1,0
BRDA:253,32,0,1
BRDA:257,33,0,1
BRDA:270,34,0,3
BRDA:270,34,1,2
BRDA:276,35,0,5
BRDA:276,35,1,5
BRDA:279,36,0,5
BRDA:279,36,1,0
BRDA:286,37,0,5
BRDA:294,38,0,1
BRDA:294,38,1,1
BRDA:302,39,0,1
BRDA:302,39,1,1
BRDA:314,40,0,2
BRDA:319,41,0,1
BRDA:334,42,0,3
BRDA:334,43,0,10
BRDA:334,43,1,9
BRDA:341,44,0,1
BRDA:341,44,1,6
BRDA:355,45,0,6
BRDA:355,46,0,7
BRDA:355,46,1,6
BRDA:365,47,0,2
BRDA:368,48,0,0
BRDA:368,48,1,2
BRDA:368,49,0,2
BRDA:368,49,1,0
BRF:86
BRH:69
end_of_record
TN:
SF:src/react/index.ts
FN:5,(anonymous_1)
FN:8,(anonymous_2)
FN:9,(anonymous_3)
FN:16,(anonymous_4)
FN:19,(anonymous_5)
FN:23,(anonymous_6)
FN:27,(anonymous_7)
FNF:7
FNH:6
FNDA:2,(anonymous_1)
FNDA:1,(anonymous_2)
FNDA:1,(anonymous_3)
FNDA:0,(anonymous_4)
FNDA:1,(anonymous_5)
FNDA:1,(anonymous_6)
FNDA:1,(anonymous_7)
DA:1,1
DA:5,1
DA:6,2
DA:8,2
DA:9,1
DA:10,1
DA:11,1
DA:12,1
DA:16,1
DA:19,2
DA:20,1
DA:23,2
DA:24,1
DA:27,2
DA:28,1
DA:31,2
DA:33,2
DA:35,2
DA:37,2
DA:39,2
LF:20
LH:20
BRDA:11,0,0,1
BRF:1
BRH:1
end_of_record
TN:
SF:src/utils/index.ts
FNF:0
FNH:0
DA:1,0
LF:1
LH:0
BRF:0
BRH:0
end_of_record
